{"/Users/gracegaoya/work/project/qim/qim-admin/src/api/aiBots.ts": {"path":"/Users/gracegaoya/work/project/qim/qim-admin/src/api/aiBots.ts","statementMap":{"0":{"start":{"line":5,"column":13},"end":{"line":10,"column":null}},"1":{"start":{"line":6,"column":2},"end":{"line":10,"column":null}},"2":{"start":{"line":13,"column":13},"end":{"line":18,"column":null}},"3":{"start":{"line":14,"column":2},"end":{"line":18,"column":null}},"4":{"start":{"line":21,"column":13},"end":{"line":26,"column":null}},"5":{"start":{"line":22,"column":2},"end":{"line":26,"column":null}},"6":{"start":{"line":29,"column":13},"end":{"line":33,"column":null}},"7":{"start":{"line":30,"column":2},"end":{"line":33,"column":null}},"8":{"start":{"line":36,"column":13},"end":{"line":41,"column":null}},"9":{"start":{"line":37,"column":2},"end":{"line":41,"column":null}}},"fnMap":{"0":{"name":"(anonymous_0)","decl":{"start":{"line":5,"column":13},"end":{"line":5,"column":26}},"loc":{"start":{"line":5,"column":119},"end":{"line":10,"column":null}},"line":5},"1":{"name":"(anonymous_1)","decl":{"start":{"line":13,"column":13},"end":{"line":13,"column":28}},"loc":{"start":{"line":13,"column":159},"end":{"line":18,"column":null}},"line":13},"2":{"name":"(anonymous_2)","decl":{"start":{"line":21,"column":13},"end":{"line":21,"column":28}},"loc":{"start":{"line":21,"column":206},"end":{"line":26,"column":null}},"line":21},"3":{"name":"(anonymous_3)","decl":{"start":{"line":29,"column":13},"end":{"line":29,"column":28}},"loc":{"start":{"line":29,"column":86},"end":{"line":33,"column":null}},"line":29},"4":{"name":"(anonymous_4)","decl":{"start":{"line":36,"column":13},"end":{"line":36,"column":34}},"loc":{"start":{"line":36,"column":124},"end":{"line":41,"column":null}},"line":36}},"branchMap":{},"s":{"0":1,"1":1,"2":1,"3":1,"4":1,"5":1,"6":1,"7":1,"8":1,"9":1},"f":{"0":1,"1":1,"2":1,"3":1,"4":1},"b":{},"meta":{"lastBranch":0,"lastFunction":5,"lastStatement":10,"seen":{"s:5:13:10:Infinity":0,"f:5:13:5:26":0,"s:6:2:10:Infinity":1,"s:13:13:18:Infinity":2,"f:13:13:13:28":1,"s:14:2:18:Infinity":3,"s:21:13:26:Infinity":4,"f:21:13:21:28":2,"s:22:2:26:Infinity":5,"s:29:13:33:Infinity":6,"f:29:13:29:28":3,"s:30:2:33:Infinity":7,"s:36:13:41:Infinity":8,"f:36:13:36:34":4,"s:37:2:41:Infinity":9}}}
,"/Users/gracegaoya/work/project/qim/qim-admin/src/api/apps.ts": {"path":"/Users/gracegaoya/work/project/qim/qim-admin/src/api/apps.ts","statementMap":{"0":{"start":{"line":22,"column":13},"end":{"line":27,"column":null}},"1":{"start":{"line":23,"column":2},"end":{"line":27,"column":null}},"2":{"start":{"line":30,"column":13},"end":{"line":35,"column":null}},"3":{"start":{"line":31,"column":2},"end":{"line":35,"column":null}},"4":{"start":{"line":38,"column":13},"end":{"line":43,"column":null}},"5":{"start":{"line":39,"column":2},"end":{"line":43,"column":null}},"6":{"start":{"line":46,"column":13},"end":{"line":50,"column":null}},"7":{"start":{"line":47,"column":2},"end":{"line":50,"column":null}}},"fnMap":{"0":{"name":"(anonymous_0)","decl":{"start":{"line":22,"column":13},"end":{"line":22,"column":24}},"loc":{"start":{"line":22,"column":134},"end":{"line":27,"column":null}},"line":22},"1":{"name":"(anonymous_1)","decl":{"start":{"line":30,"column":13},"end":{"line":30,"column":26}},"loc":{"start":{"line":30,"column":94},"end":{"line":35,"column":null}},"line":30},"2":{"name":"(anonymous_2)","decl":{"start":{"line":38,"column":13},"end":{"line":38,"column":26}},"loc":{"start":{"line":38,"column":106},"end":{"line":43,"column":null}},"line":38},"3":{"name":"(anonymous_3)","decl":{"start":{"line":46,"column":13},"end":{"line":46,"column":26}},"loc":{"start":{"line":46,"column":84},"end":{"line":50,"column":null}},"line":46}},"branchMap":{},"s":{"0":1,"1":2,"2":1,"3":1,"4":1,"5":1,"6":1,"7":1},"f":{"0":2,"1":1,"2":1,"3":1},"b":{},"meta":{"lastBranch":0,"lastFunction":4,"lastStatement":8,"seen":{"s:22:13:27:Infinity":0,"f:22:13:22:24":0,"s:23:2:27:Infinity":1,"s:30:13:35:Infinity":2,"f:30:13:30:26":1,"s:31:2:35:Infinity":3,"s:38:13:43:Infinity":4,"f:38:13:38:26":2,"s:39:2:43:Infinity":5,"s:46:13:50:Infinity":6,"f:46:13:46:26":3,"s:47:2:50:Infinity":7}}}
,"/Users/gracegaoya/work/project/qim/qim-admin/src/api/auth.ts": {"path":"/Users/gracegaoya/work/project/qim/qim-admin/src/api/auth.ts","statementMap":{"0":{"start":{"line":5,"column":13},"end":{"line":11,"column":null}},"1":{"start":{"line":6,"column":2},"end":{"line":11,"column":null}},"2":{"start":{"line":14,"column":13},"end":{"line":19,"column":null}},"3":{"start":{"line":15,"column":2},"end":{"line":19,"column":null}},"4":{"start":{"line":22,"column":13},"end":{"line":27,"column":null}},"5":{"start":{"line":23,"column":2},"end":{"line":27,"column":null}}},"fnMap":{"0":{"name":"(anonymous_0)","decl":{"start":{"line":5,"column":13},"end":{"line":5,"column":22}},"loc":{"start":{"line":5,"column":143},"end":{"line":11,"column":null}},"line":5},"1":{"name":"(anonymous_1)","decl":{"start":{"line":14,"column":13},"end":{"line":14,"column":71}},"loc":{"start":{"line":14,"column":71},"end":{"line":19,"column":null}},"line":14},"2":{"name":"(anonymous_2)","decl":{"start":{"line":22,"column":13},"end":{"line":22,"column":83}},"loc":{"start":{"line":22,"column":83},"end":{"line":27,"column":null}},"line":22}},"branchMap":{},"s":{"0":1,"1":1,"2":1,"3":1,"4":1,"5":1},"f":{"0":1,"1":1,"2":1},"b":{},"meta":{"lastBranch":0,"lastFunction":3,"lastStatement":6,"seen":{"s:5:13:11:Infinity":0,"f:5:13:5:22":0,"s:6:2:11:Infinity":1,"s:14:13:19:Infinity":2,"f:14:13:14:71":1,"s:15:2:19:Infinity":3,"s:22:13:27:Infinity":4,"f:22:13:22:83":2,"s:23:2:27:Infinity":5}}}
,"/Users/gracegaoya/work/project/qim/qim-admin/src/api/blacklist.ts": {"path":"/Users/gracegaoya/work/project/qim/qim-admin/src/api/blacklist.ts","statementMap":{"0":{"start":{"line":5,"column":13},"end":{"line":10,"column":null}},"1":{"start":{"line":6,"column":2},"end":{"line":10,"column":null}},"2":{"start":{"line":13,"column":13},"end":{"line":17,"column":null}},"3":{"start":{"line":14,"column":2},"end":{"line":17,"column":null}}},"fnMap":{"0":{"name":"(anonymous_0)","decl":{"start":{"line":5,"column":13},"end":{"line":5,"column":29}},"loc":{"start":{"line":5,"column":131},"end":{"line":10,"column":null}},"line":5},"1":{"name":"(anonymous_1)","decl":{"start":{"line":13,"column":13},"end":{"line":13,"column":37}},"loc":{"start":{"line":13,"column":95},"end":{"line":17,"column":null}},"line":13}},"branchMap":{},"s":{"0":1,"1":2,"2":1,"3":1},"f":{"0":2,"1":1},"b":{},"meta":{"lastBranch":0,"lastFunction":2,"lastStatement":4,"seen":{"s:5:13:10:Infinity":0,"f:5:13:5:29":0,"s:6:2:10:Infinity":1,"s:13:13:17:Infinity":2,"f:13:13:13:37":1,"s:14:2:17:Infinity":3}}}
,"/Users/gracegaoya/work/project/qim/qim-admin/src/api/channels.ts": {"path":"/Users/gracegaoya/work/project/qim/qim-admin/src/api/channels.ts","statementMap":{"0":{"start":{"line":12,"column":13},"end":{"line":17,"column":null}},"1":{"start":{"line":13,"column":2},"end":{"line":17,"column":null}},"2":{"start":{"line":20,"column":13},"end":{"line":25,"column":null}},"3":{"start":{"line":21,"column":2},"end":{"line":25,"column":null}},"4":{"start":{"line":28,"column":13},"end":{"line":33,"column":null}},"5":{"start":{"line":29,"column":2},"end":{"line":33,"column":null}},"6":{"start":{"line":36,"column":13},"end":{"line":40,"column":null}},"7":{"start":{"line":37,"column":2},"end":{"line":40,"column":null}}},"fnMap":{"0":{"name":"(anonymous_0)","decl":{"start":{"line":12,"column":13},"end":{"line":12,"column":28}},"loc":{"start":{"line":12,"column":123},"end":{"line":17,"column":null}},"line":12},"1":{"name":"(anonymous_1)","decl":{"start":{"line":20,"column":13},"end":{"line":20,"column":30}},"loc":{"start":{"line":20,"column":106},"end":{"line":25,"column":null}},"line":20},"2":{"name":"(anonymous_2)","decl":{"start":{"line":28,"column":13},"end":{"line":28,"column":30}},"loc":{"start":{"line":28,"column":127},"end":{"line":33,"column":null}},"line":28},"3":{"name":"(anonymous_3)","decl":{"start":{"line":36,"column":13},"end":{"line":36,"column":30}},"loc":{"start":{"line":36,"column":88},"end":{"line":40,"column":null}},"line":36}},"branchMap":{},"s":{"0":1,"1":2,"2":1,"3":1,"4":1,"5":1,"6":1,"7":1},"f":{"0":2,"1":1,"2":1,"3":1},"b":{},"meta":{"lastBranch":0,"lastFunction":4,"lastStatement":8,"seen":{"s:12:13:17:Infinity":0,"f:12:13:12:28":0,"s:13:2:17:Infinity":1,"s:20:13:25:Infinity":2,"f:20:13:20:30":1,"s:21:2:25:Infinity":3,"s:28:13:33:Infinity":4,"f:28:13:28:30":2,"s:29:2:33:Infinity":5,"s:36:13:40:Infinity":6,"f:36:13:36:30":3,"s:37:2:40:Infinity":7}}}
,"/Users/gracegaoya/work/project/qim/qim-admin/src/api/conversations.ts": {"path":"/Users/gracegaoya/work/project/qim/qim-admin/src/api/conversations.ts","statementMap":{"0":{"start":{"line":10,"column":13},"end":{"line":15,"column":null}},"1":{"start":{"line":11,"column":2},"end":{"line":15,"column":null}},"2":{"start":{"line":18,"column":13},"end":{"line":22,"column":null}},"3":{"start":{"line":19,"column":2},"end":{"line":22,"column":null}}},"fnMap":{"0":{"name":"(anonymous_0)","decl":{"start":{"line":10,"column":13},"end":{"line":10,"column":33}},"loc":{"start":{"line":10,"column":138},"end":{"line":15,"column":null}},"line":10},"1":{"name":"(anonymous_1)","decl":{"start":{"line":18,"column":13},"end":{"line":18,"column":35}},"loc":{"start":{"line":18,"column":93},"end":{"line":22,"column":null}},"line":18}},"branchMap":{},"s":{"0":1,"1":3,"2":1,"3":1},"f":{"0":3,"1":1},"b":{},"meta":{"lastBranch":0,"lastFunction":2,"lastStatement":4,"seen":{"s:10:13:15:Infinity":0,"f:10:13:10:33":0,"s:11:2:15:Infinity":1,"s:18:13:22:Infinity":2,"f:18:13:18:35":1,"s:19:2:22:Infinity":3}}}
,"/Users/gracegaoya/work/project/qim/qim-admin/src/api/groups.ts": {"path":"/Users/gracegaoya/work/project/qim/qim-admin/src/api/groups.ts","statementMap":{"0":{"start":{"line":5,"column":13},"end":{"line":10,"column":null}},"1":{"start":{"line":6,"column":2},"end":{"line":10,"column":null}},"2":{"start":{"line":13,"column":13},"end":{"line":17,"column":null}},"3":{"start":{"line":14,"column":2},"end":{"line":17,"column":null}},"4":{"start":{"line":20,"column":13},"end":{"line":25,"column":null}},"5":{"start":{"line":21,"column":2},"end":{"line":25,"column":null}},"6":{"start":{"line":28,"column":13},"end":{"line":32,"column":null}},"7":{"start":{"line":29,"column":2},"end":{"line":32,"column":null}},"8":{"start":{"line":35,"column":13},"end":{"line":39,"column":null}},"9":{"start":{"line":36,"column":2},"end":{"line":39,"column":null}}},"fnMap":{"0":{"name":"(anonymous_0)","decl":{"start":{"line":5,"column":13},"end":{"line":5,"column":26}},"loc":{"start":{"line":5,"column":141},"end":{"line":10,"column":null}},"line":5},"1":{"name":"(anonymous_1)","decl":{"start":{"line":13,"column":13},"end":{"line":13,"column":29}},"loc":{"start":{"line":13,"column":88},"end":{"line":17,"column":null}},"line":13},"2":{"name":"(anonymous_2)","decl":{"start":{"line":20,"column":13},"end":{"line":20,"column":32}},"loc":{"start":{"line":20,"column":162},"end":{"line":25,"column":null}},"line":20},"3":{"name":"(anonymous_3)","decl":{"start":{"line":28,"column":13},"end":{"line":28,"column":34}},"loc":{"start":{"line":28,"column":120},"end":{"line":32,"column":null}},"line":28},"4":{"name":"(anonymous_4)","decl":{"start":{"line":35,"column":13},"end":{"line":35,"column":28}},"loc":{"start":{"line":35,"column":86},"end":{"line":39,"column":null}},"line":35}},"branchMap":{},"s":{"0":1,"1":2,"2":1,"3":1,"4":1,"5":1,"6":1,"7":1,"8":1,"9":1},"f":{"0":2,"1":1,"2":1,"3":1,"4":1},"b":{},"meta":{"lastBranch":0,"lastFunction":5,"lastStatement":10,"seen":{"s:5:13:10:Infinity":0,"f:5:13:5:26":0,"s:6:2:10:Infinity":1,"s:13:13:17:Infinity":2,"f:13:13:13:29":1,"s:14:2:17:Infinity":3,"s:20:13:25:Infinity":4,"f:20:13:20:32":2,"s:21:2:25:Infinity":5,"s:28:13:32:Infinity":6,"f:28:13:28:34":3,"s:29:2:32:Infinity":7,"s:35:13:39:Infinity":8,"f:35:13:35:28":4,"s:36:2:39:Infinity":9}}}
,"/Users/gracegaoya/work/project/qim/qim-admin/src/api/miniApps.ts": {"path":"/Users/gracegaoya/work/project/qim/qim-admin/src/api/miniApps.ts","statementMap":{"0":{"start":{"line":21,"column":13},"end":{"line":26,"column":null}},"1":{"start":{"line":22,"column":2},"end":{"line":26,"column":null}},"2":{"start":{"line":29,"column":13},"end":{"line":34,"column":null}},"3":{"start":{"line":30,"column":2},"end":{"line":34,"column":null}},"4":{"start":{"line":37,"column":13},"end":{"line":42,"column":null}},"5":{"start":{"line":38,"column":2},"end":{"line":42,"column":null}},"6":{"start":{"line":45,"column":13},"end":{"line":49,"column":null}},"7":{"start":{"line":46,"column":2},"end":{"line":49,"column":null}}},"fnMap":{"0":{"name":"(anonymous_0)","decl":{"start":{"line":21,"column":13},"end":{"line":21,"column":28}},"loc":{"start":{"line":21,"column":159},"end":{"line":26,"column":null}},"line":21},"1":{"name":"(anonymous_1)","decl":{"start":{"line":29,"column":13},"end":{"line":29,"column":30}},"loc":{"start":{"line":29,"column":106},"end":{"line":34,"column":null}},"line":29},"2":{"name":"(anonymous_2)","decl":{"start":{"line":37,"column":13},"end":{"line":37,"column":30}},"loc":{"start":{"line":37,"column":118},"end":{"line":42,"column":null}},"line":37},"3":{"name":"(anonymous_3)","decl":{"start":{"line":45,"column":13},"end":{"line":45,"column":30}},"loc":{"start":{"line":45,"column":88},"end":{"line":49,"column":null}},"line":45}},"branchMap":{},"s":{"0":1,"1":2,"2":1,"3":1,"4":1,"5":1,"6":1,"7":1},"f":{"0":2,"1":1,"2":1,"3":1},"b":{},"meta":{"lastBranch":0,"lastFunction":4,"lastStatement":8,"seen":{"s:21:13:26:Infinity":0,"f:21:13:21:28":0,"s:22:2:26:Infinity":1,"s:29:13:34:Infinity":2,"f:29:13:29:30":1,"s:30:2:34:Infinity":3,"s:37:13:42:Infinity":4,"f:37:13:37:30":2,"s:38:2:42:Infinity":5,"s:45:13:49:Infinity":6,"f:45:13:45:30":3,"s:46:2:49:Infinity":7}}}
,"/Users/gracegaoya/work/project/qim/qim-admin/src/api/notifications.ts": {"path":"/Users/gracegaoya/work/project/qim/qim-admin/src/api/notifications.ts","statementMap":{"0":{"start":{"line":10,"column":13},"end":{"line":15,"column":null}},"1":{"start":{"line":11,"column":2},"end":{"line":15,"column":null}},"2":{"start":{"line":18,"column":13},"end":{"line":22,"column":null}},"3":{"start":{"line":19,"column":2},"end":{"line":22,"column":null}},"4":{"start":{"line":25,"column":13},"end":{"line":29,"column":null}},"5":{"start":{"line":26,"column":2},"end":{"line":29,"column":null}},"6":{"start":{"line":32,"column":13},"end":{"line":36,"column":null}},"7":{"start":{"line":33,"column":2},"end":{"line":36,"column":null}}},"fnMap":{"0":{"name":"(anonymous_0)","decl":{"start":{"line":10,"column":13},"end":{"line":10,"column":33}},"loc":{"start":{"line":10,"column":138},"end":{"line":15,"column":null}},"line":10},"1":{"name":"(anonymous_1)","decl":{"start":{"line":18,"column":13},"end":{"line":18,"column":27}},"loc":{"start":{"line":18,"column":85},"end":{"line":22,"column":null}},"line":18},"2":{"name":"(anonymous_2)","decl":{"start":{"line":25,"column":13},"end":{"line":25,"column":78}},"loc":{"start":{"line":25,"column":78},"end":{"line":29,"column":null}},"line":25},"3":{"name":"(anonymous_3)","decl":{"start":{"line":32,"column":13},"end":{"line":32,"column":35}},"loc":{"start":{"line":32,"column":93},"end":{"line":36,"column":null}},"line":32}},"branchMap":{},"s":{"0":1,"1":3,"2":1,"3":1,"4":1,"5":1,"6":1,"7":1},"f":{"0":3,"1":1,"2":1,"3":1},"b":{},"meta":{"lastBranch":0,"lastFunction":4,"lastStatement":8,"seen":{"s:10:13:15:Infinity":0,"f:10:13:10:33":0,"s:11:2:15:Infinity":1,"s:18:13:22:Infinity":2,"f:18:13:18:27":1,"s:19:2:22:Infinity":3,"s:25:13:29:Infinity":4,"f:25:13:25:78":2,"s:26:2:29:Infinity":5,"s:32:13:36:Infinity":6,"f:32:13:32:35":3,"s:33:2:36:Infinity":7}}}
,"/Users/gracegaoya/work/project/qim/qim-admin/src/api/operationLogs.ts": {"path":"/Users/gracegaoya/work/project/qim/qim-admin/src/api/operationLogs.ts","statementMap":{"0":{"start":{"line":5,"column":13},"end":{"line":10,"column":null}},"1":{"start":{"line":6,"column":2},"end":{"line":10,"column":null}},"2":{"start":{"line":13,"column":13},"end":{"line":17,"column":null}},"3":{"start":{"line":14,"column":2},"end":{"line":17,"column":null}},"4":{"start":{"line":20,"column":13},"end":{"line":25,"column":null}},"5":{"start":{"line":21,"column":2},"end":{"line":25,"column":null}}},"fnMap":{"0":{"name":"(anonymous_0)","decl":{"start":{"line":5,"column":13},"end":{"line":5,"column":33}},"loc":{"start":{"line":5,"column":216},"end":{"line":10,"column":null}},"line":5},"1":{"name":"(anonymous_1)","decl":{"start":{"line":13,"column":13},"end":{"line":13,"column":38}},"loc":{"start":{"line":13,"column":104},"end":{"line":17,"column":null}},"line":13},"2":{"name":"(anonymous_2)","decl":{"start":{"line":20,"column":13},"end":{"line":20,"column":36}},"loc":{"start":{"line":20,"column":144},"end":{"line":25,"column":null}},"line":20}},"branchMap":{},"s":{"0":1,"1":3,"2":1,"3":1,"4":1,"5":1},"f":{"0":3,"1":1,"2":1},"b":{},"meta":{"lastBranch":0,"lastFunction":3,"lastStatement":6,"seen":{"s:5:13:10:Infinity":0,"f:5:13:5:33":0,"s:6:2:10:Infinity":1,"s:13:13:17:Infinity":2,"f:13:13:13:38":1,"s:14:2:17:Infinity":3,"s:20:13:25:Infinity":4,"f:20:13:20:36":2,"s:21:2:25:Infinity":5}}}
,"/Users/gracegaoya/work/project/qim/qim-admin/src/api/organization.ts": {"path":"/Users/gracegaoya/work/project/qim/qim-admin/src/api/organization.ts","statementMap":{"0":{"start":{"line":18,"column":13},"end":{"line":22,"column":null}},"1":{"start":{"line":19,"column":2},"end":{"line":22,"column":null}},"2":{"start":{"line":25,"column":13},"end":{"line":30,"column":null}},"3":{"start":{"line":26,"column":2},"end":{"line":30,"column":null}},"4":{"start":{"line":33,"column":13},"end":{"line":38,"column":null}},"5":{"start":{"line":34,"column":2},"end":{"line":38,"column":null}},"6":{"start":{"line":41,"column":13},"end":{"line":45,"column":null}},"7":{"start":{"line":42,"column":2},"end":{"line":45,"column":null}},"8":{"start":{"line":48,"column":13},"end":{"line":53,"column":null}},"9":{"start":{"line":49,"column":2},"end":{"line":53,"column":null}},"10":{"start":{"line":56,"column":13},"end":{"line":60,"column":null}},"11":{"start":{"line":57,"column":2},"end":{"line":60,"column":null}},"12":{"start":{"line":63,"column":13},"end":{"line":68,"column":null}},"13":{"start":{"line":64,"column":2},"end":{"line":68,"column":null}}},"fnMap":{"0":{"name":"(anonymous_0)","decl":{"start":{"line":18,"column":13},"end":{"line":18,"column":94}},"loc":{"start":{"line":18,"column":94},"end":{"line":22,"column":null}},"line":18},"1":{"name":"(anonymous_1)","decl":{"start":{"line":25,"column":13},"end":{"line":25,"column":33}},"loc":{"start":{"line":25,"column":117},"end":{"line":30,"column":null}},"line":25},"2":{"name":"(anonymous_2)","decl":{"start":{"line":33,"column":13},"end":{"line":33,"column":33}},"loc":{"start":{"line":33,"column":138},"end":{"line":38,"column":null}},"line":33},"3":{"name":"(anonymous_3)","decl":{"start":{"line":41,"column":13},"end":{"line":41,"column":33}},"loc":{"start":{"line":41,"column":91},"end":{"line":45,"column":null}},"line":41},"4":{"name":"(anonymous_4)","decl":{"start":{"line":48,"column":13},"end":{"line":48,"column":40}},"loc":{"start":{"line":48,"column":118},"end":{"line":53,"column":null}},"line":48},"5":{"name":"(anonymous_5)","decl":{"start":{"line":56,"column":13},"end":{"line":56,"column":45}},"loc":{"start":{"line":56,"column":129},"end":{"line":60,"column":null}},"line":56},"6":{"name":"(anonymous_6)","decl":{"start":{"line":63,"column":13},"end":{"line":63,"column":39}},"loc":{"start":{"line":63,"column":152},"end":{"line":68,"column":null}},"line":63}},"branchMap":{},"s":{"0":1,"1":1,"2":1,"3":1,"4":1,"5":1,"6":1,"7":1,"8":1,"9":1,"10":1,"11":1,"12":1,"13":1},"f":{"0":1,"1":1,"2":1,"3":1,"4":1,"5":1,"6":1},"b":{},"meta":{"lastBranch":0,"lastFunction":7,"lastStatement":14,"seen":{"s:18:13:22:Infinity":0,"f:18:13:18:94":0,"s:19:2:22:Infinity":1,"s:25:13:30:Infinity":2,"f:25:13:25:33":1,"s:26:2:30:Infinity":3,"s:33:13:38:Infinity":4,"f:33:13:33:33":2,"s:34:2:38:Infinity":5,"s:41:13:45:Infinity":6,"f:41:13:41:33":3,"s:42:2:45:Infinity":7,"s:48:13:53:Infinity":8,"f:48:13:48:40":4,"s:49:2:53:Infinity":9,"s:56:13:60:Infinity":10,"f:56:13:56:45":5,"s:57:2:60:Infinity":11,"s:63:13:68:Infinity":12,"f:63:13:63:39":6,"s:64:2:68:Infinity":13}}}
,"/Users/gracegaoya/work/project/qim/qim-admin/src/api/roles.ts": {"path":"/Users/gracegaoya/work/project/qim/qim-admin/src/api/roles.ts","statementMap":{"0":{"start":{"line":5,"column":13},"end":{"line":10,"column":null}},"1":{"start":{"line":6,"column":2},"end":{"line":10,"column":null}},"2":{"start":{"line":13,"column":13},"end":{"line":18,"column":null}},"3":{"start":{"line":14,"column":2},"end":{"line":18,"column":null}},"4":{"start":{"line":21,"column":13},"end":{"line":26,"column":null}},"5":{"start":{"line":22,"column":2},"end":{"line":26,"column":null}},"6":{"start":{"line":29,"column":13},"end":{"line":33,"column":null}},"7":{"start":{"line":30,"column":2},"end":{"line":33,"column":null}},"8":{"start":{"line":36,"column":13},"end":{"line":41,"column":null}},"9":{"start":{"line":37,"column":2},"end":{"line":41,"column":null}}},"fnMap":{"0":{"name":"(anonymous_0)","decl":{"start":{"line":5,"column":13},"end":{"line":5,"column":25}},"loc":{"start":{"line":5,"column":117},"end":{"line":10,"column":null}},"line":5},"1":{"name":"(anonymous_1)","decl":{"start":{"line":13,"column":13},"end":{"line":13,"column":27}},"loc":{"start":{"line":13,"column":155},"end":{"line":18,"column":null}},"line":13},"2":{"name":"(anonymous_2)","decl":{"start":{"line":21,"column":13},"end":{"line":21,"column":27}},"loc":{"start":{"line":21,"column":156},"end":{"line":26,"column":null}},"line":21},"3":{"name":"(anonymous_3)","decl":{"start":{"line":29,"column":13},"end":{"line":29,"column":27}},"loc":{"start":{"line":29,"column":85},"end":{"line":33,"column":null}},"line":29},"4":{"name":"(anonymous_4)","decl":{"start":{"line":36,"column":13},"end":{"line":36,"column":29}},"loc":{"start":{"line":36,"column":197},"end":{"line":41,"column":null}},"line":36}},"branchMap":{},"s":{"0":1,"1":2,"2":1,"3":1,"4":1,"5":1,"6":1,"7":1,"8":1,"9":1},"f":{"0":2,"1":1,"2":1,"3":1,"4":1},"b":{},"meta":{"lastBranch":0,"lastFunction":5,"lastStatement":10,"seen":{"s:5:13:10:Infinity":0,"f:5:13:5:25":0,"s:6:2:10:Infinity":1,"s:13:13:18:Infinity":2,"f:13:13:13:27":1,"s:14:2:18:Infinity":3,"s:21:13:26:Infinity":4,"f:21:13:21:27":2,"s:22:2:26:Infinity":5,"s:29:13:33:Infinity":6,"f:29:13:29:27":3,"s:30:2:33:Infinity":7,"s:36:13:41:Infinity":8,"f:36:13:36:29":4,"s:37:2:41:Infinity":9}}}
,"/Users/gracegaoya/work/project/qim/qim-admin/src/api/sensitiveWords.ts": {"path":"/Users/gracegaoya/work/project/qim/qim-admin/src/api/sensitiveWords.ts","statementMap":{"0":{"start":{"line":5,"column":13},"end":{"line":10,"column":null}},"1":{"start":{"line":6,"column":2},"end":{"line":10,"column":null}},"2":{"start":{"line":13,"column":13},"end":{"line":18,"column":null}},"3":{"start":{"line":14,"column":2},"end":{"line":18,"column":null}},"4":{"start":{"line":21,"column":13},"end":{"line":26,"column":null}},"5":{"start":{"line":22,"column":2},"end":{"line":26,"column":null}},"6":{"start":{"line":29,"column":13},"end":{"line":33,"column":null}},"7":{"start":{"line":30,"column":2},"end":{"line":33,"column":null}},"8":{"start":{"line":36,"column":13},"end":{"line":41,"column":null}},"9":{"start":{"line":37,"column":2},"end":{"line":41,"column":null}},"10":{"start":{"line":44,"column":13},"end":{"line":49,"column":null}},"11":{"start":{"line":45,"column":2},"end":{"line":49,"column":null}}},"fnMap":{"0":{"name":"(anonymous_0)","decl":{"start":{"line":5,"column":13},"end":{"line":5,"column":34}},"loc":{"start":{"line":5,"column":177},"end":{"line":10,"column":null}},"line":5},"1":{"name":"(anonymous_1)","decl":{"start":{"line":13,"column":13},"end":{"line":13,"column":36}},"loc":{"start":{"line":13,"column":167},"end":{"line":18,"column":null}},"line":13},"2":{"name":"(anonymous_2)","decl":{"start":{"line":21,"column":13},"end":{"line":21,"column":36}},"loc":{"start":{"line":21,"column":167},"end":{"line":26,"column":null}},"line":21},"3":{"name":"(anonymous_3)","decl":{"start":{"line":29,"column":13},"end":{"line":29,"column":36}},"loc":{"start":{"line":29,"column":94},"end":{"line":33,"column":null}},"line":29},"4":{"name":"(anonymous_4)","decl":{"start":{"line":36,"column":13},"end":{"line":36,"column":42}},"loc":{"start":{"line":36,"column":140},"end":{"line":41,"column":null}},"line":36},"5":{"name":"(anonymous_5)","decl":{"start":{"line":44,"column":13},"end":{"line":44,"column":42}},"loc":{"start":{"line":44,"column":180},"end":{"line":49,"column":null}},"line":44}},"branchMap":{},"s":{"0":1,"1":2,"2":1,"3":1,"4":1,"5":1,"6":1,"7":1,"8":1,"9":1,"10":1,"11":1},"f":{"0":2,"1":1,"2":1,"3":1,"4":1,"5":1},"b":{},"meta":{"lastBranch":0,"lastFunction":6,"lastStatement":12,"seen":{"s:5:13:10:Infinity":0,"f:5:13:5:34":0,"s:6:2:10:Infinity":1,"s:13:13:18:Infinity":2,"f:13:13:13:36":1,"s:14:2:18:Infinity":3,"s:21:13:26:Infinity":4,"f:21:13:21:36":2,"s:22:2:26:Infinity":5,"s:29:13:33:Infinity":6,"f:29:13:29:36":3,"s:30:2:33:Infinity":7,"s:36:13:41:Infinity":8,"f:36:13:36:42":4,"s:37:2:41:Infinity":9,"s:44:13:49:Infinity":10,"f:44:13:44:42":5,"s:45:2:49:Infinity":11}}}
,"/Users/gracegaoya/work/project/qim/qim-admin/src/api/statistics.ts": {"path":"/Users/gracegaoya/work/project/qim/qim-admin/src/api/statistics.ts","statementMap":{"0":{"start":{"line":5,"column":13},"end":{"line":9,"column":null}},"1":{"start":{"line":6,"column":2},"end":{"line":9,"column":null}},"2":{"start":{"line":12,"column":13},"end":{"line":17,"column":null}},"3":{"start":{"line":13,"column":2},"end":{"line":17,"column":null}},"4":{"start":{"line":20,"column":13},"end":{"line":24,"column":null}},"5":{"start":{"line":21,"column":2},"end":{"line":24,"column":null}},"6":{"start":{"line":27,"column":13},"end":{"line":32,"column":null}},"7":{"start":{"line":28,"column":2},"end":{"line":32,"column":null}},"8":{"start":{"line":35,"column":13},"end":{"line":40,"column":null}},"9":{"start":{"line":36,"column":2},"end":{"line":40,"column":null}},"10":{"start":{"line":43,"column":13},"end":{"line":48,"column":null}},"11":{"start":{"line":44,"column":2},"end":{"line":48,"column":null}}},"fnMap":{"0":{"name":"(anonymous_0)","decl":{"start":{"line":5,"column":13},"end":{"line":5,"column":91}},"loc":{"start":{"line":5,"column":91},"end":{"line":9,"column":null}},"line":5},"1":{"name":"(anonymous_1)","decl":{"start":{"line":12,"column":13},"end":{"line":12,"column":39}},"loc":{"start":{"line":12,"column":145},"end":{"line":17,"column":null}},"line":12},"2":{"name":"(anonymous_2)","decl":{"start":{"line":20,"column":13},"end":{"line":20,"column":77}},"loc":{"start":{"line":20,"column":77},"end":{"line":24,"column":null}},"line":20},"3":{"name":"(anonymous_3)","decl":{"start":{"line":27,"column":13},"end":{"line":27,"column":34}},"loc":{"start":{"line":27,"column":115},"end":{"line":32,"column":null}},"line":27},"4":{"name":"(anonymous_4)","decl":{"start":{"line":35,"column":13},"end":{"line":35,"column":35}},"loc":{"start":{"line":35,"column":116},"end":{"line":40,"column":null}},"line":35},"5":{"name":"(anonymous_5)","decl":{"start":{"line":43,"column":13},"end":{"line":43,"column":37}},"loc":{"start":{"line":43,"column":118},"end":{"line":48,"column":null}},"line":43}},"branchMap":{},"s":{"0":1,"1":1,"2":1,"3":1,"4":1,"5":1,"6":1,"7":1,"8":1,"9":1,"10":1,"11":1},"f":{"0":1,"1":1,"2":1,"3":1,"4":1,"5":1},"b":{},"meta":{"lastBranch":0,"lastFunction":6,"lastStatement":12,"seen":{"s:5:13:9:Infinity":0,"f:5:13:5:91":0,"s:6:2:9:Infinity":1,"s:12:13:17:Infinity":2,"f:12:13:12:39":1,"s:13:2:17:Infinity":3,"s:20:13:24:Infinity":4,"f:20:13:20:77":2,"s:21:2:24:Infinity":5,"s:27:13:32:Infinity":6,"f:27:13:27:34":3,"s:28:2:32:Infinity":7,"s:35:13:40:Infinity":8,"f:35:13:35:35":4,"s:36:2:40:Infinity":9,"s:43:13:48:Infinity":10,"f:43:13:43:37":5,"s:44:2:48:Infinity":11}}}
,"/Users/gracegaoya/work/project/qim/qim-admin/src/api/systemConfig.ts": {"path":"/Users/gracegaoya/work/project/qim/qim-admin/src/api/systemConfig.ts","statementMap":{"0":{"start":{"line":5,"column":13},"end":{"line":9,"column":null}},"1":{"start":{"line":6,"column":2},"end":{"line":9,"column":null}},"2":{"start":{"line":12,"column":13},"end":{"line":17,"column":null}},"3":{"start":{"line":13,"column":2},"end":{"line":17,"column":null}}},"fnMap":{"0":{"name":"(anonymous_0)","decl":{"start":{"line":5,"column":13},"end":{"line":5,"column":88}},"loc":{"start":{"line":5,"column":88},"end":{"line":9,"column":null}},"line":5},"1":{"name":"(anonymous_1)","decl":{"start":{"line":12,"column":13},"end":{"line":12,"column":35}},"loc":{"start":{"line":12,"column":118},"end":{"line":17,"column":null}},"line":12}},"branchMap":{},"s":{"0":1,"1":1,"2":1,"3":1},"f":{"0":1,"1":1},"b":{},"meta":{"lastBranch":0,"lastFunction":2,"lastStatement":4,"seen":{"s:5:13:9:Infinity":0,"f:5:13:5:88":0,"s:6:2:9:Infinity":1,"s:12:13:17:Infinity":2,"f:12:13:12:35":1,"s:13:2:17:Infinity":3}}}
,"/Users/gracegaoya/work/project/qim/qim-admin/src/api/systemMessages.ts": {"path":"/Users/gracegaoya/work/project/qim/qim-admin/src/api/systemMessages.ts","statementMap":{"0":{"start":{"line":20,"column":13},"end":{"line":25,"column":null}},"1":{"start":{"line":21,"column":2},"end":{"line":25,"column":null}},"2":{"start":{"line":28,"column":13},"end":{"line":33,"column":null}},"3":{"start":{"line":29,"column":2},"end":{"line":33,"column":null}},"4":{"start":{"line":36,"column":13},"end":{"line":41,"column":null}},"5":{"start":{"line":37,"column":2},"end":{"line":41,"column":null}},"6":{"start":{"line":44,"column":13},"end":{"line":48,"column":null}},"7":{"start":{"line":45,"column":2},"end":{"line":48,"column":null}}},"fnMap":{"0":{"name":"(anonymous_0)","decl":{"start":{"line":20,"column":13},"end":{"line":20,"column":34}},"loc":{"start":{"line":20,"column":135},"end":{"line":25,"column":null}},"line":20},"1":{"name":"(anonymous_1)","decl":{"start":{"line":28,"column":13},"end":{"line":28,"column":36}},"loc":{"start":{"line":28,"column":124},"end":{"line":33,"column":null}},"line":28},"2":{"name":"(anonymous_2)","decl":{"start":{"line":36,"column":13},"end":{"line":36,"column":36}},"loc":{"start":{"line":36,"column":136},"end":{"line":41,"column":null}},"line":36},"3":{"name":"(anonymous_3)","decl":{"start":{"line":44,"column":13},"end":{"line":44,"column":36}},"loc":{"start":{"line":44,"column":94},"end":{"line":48,"column":null}},"line":44}},"branchMap":{},"s":{"0":1,"1":1,"2":1,"3":1,"4":1,"5":1,"6":1,"7":1},"f":{"0":1,"1":1,"2":1,"3":1},"b":{},"meta":{"lastBranch":0,"lastFunction":4,"lastStatement":8,"seen":{"s:20:13:25:Infinity":0,"f:20:13:20:34":0,"s:21:2:25:Infinity":1,"s:28:13:33:Infinity":2,"f:28:13:28:36":1,"s:29:2:33:Infinity":3,"s:36:13:41:Infinity":4,"f:36:13:36:36":2,"s:37:2:41:Infinity":5,"s:44:13:48:Infinity":6,"f:44:13:44:36":3,"s:45:2:48:Infinity":7}}}
,"/Users/gracegaoya/work/project/qim/qim-admin/src/api/users.ts": {"path":"/Users/gracegaoya/work/project/qim/qim-admin/src/api/users.ts","statementMap":{"0":{"start":{"line":22,"column":13},"end":{"line":27,"column":null}},"1":{"start":{"line":23,"column":2},"end":{"line":27,"column":null}},"2":{"start":{"line":30,"column":13},"end":{"line":34,"column":null}},"3":{"start":{"line":31,"column":2},"end":{"line":34,"column":null}},"4":{"start":{"line":37,"column":13},"end":{"line":42,"column":null}},"5":{"start":{"line":38,"column":2},"end":{"line":42,"column":null}},"6":{"start":{"line":45,"column":13},"end":{"line":50,"column":null}},"7":{"start":{"line":46,"column":2},"end":{"line":50,"column":null}},"8":{"start":{"line":53,"column":13},"end":{"line":57,"column":null}},"9":{"start":{"line":54,"column":2},"end":{"line":57,"column":null}},"10":{"start":{"line":60,"column":13},"end":{"line":65,"column":null}},"11":{"start":{"line":61,"column":2},"end":{"line":65,"column":null}},"12":{"start":{"line":68,"column":13},"end":{"line":72,"column":null}},"13":{"start":{"line":69,"column":2},"end":{"line":72,"column":null}},"14":{"start":{"line":75,"column":13},"end":{"line":79,"column":null}},"15":{"start":{"line":76,"column":2},"end":{"line":79,"column":null}},"16":{"start":{"line":82,"column":13},"end":{"line":86,"column":null}},"17":{"start":{"line":83,"column":2},"end":{"line":86,"column":null}}},"fnMap":{"0":{"name":"(anonymous_0)","decl":{"start":{"line":22,"column":13},"end":{"line":22,"column":25}},"loc":{"start":{"line":22,"column":139},"end":{"line":27,"column":null}},"line":22},"1":{"name":"(anonymous_1)","decl":{"start":{"line":30,"column":13},"end":{"line":30,"column":28}},"loc":{"start":{"line":30,"column":86},"end":{"line":34,"column":null}},"line":30},"2":{"name":"(anonymous_2)","decl":{"start":{"line":37,"column":13},"end":{"line":37,"column":27}},"loc":{"start":{"line":37,"column":97},"end":{"line":42,"column":null}},"line":37},"3":{"name":"(anonymous_3)","decl":{"start":{"line":45,"column":13},"end":{"line":45,"column":27}},"loc":{"start":{"line":45,"column":109},"end":{"line":50,"column":null}},"line":45},"4":{"name":"(anonymous_4)","decl":{"start":{"line":53,"column":13},"end":{"line":53,"column":27}},"loc":{"start":{"line":53,"column":85},"end":{"line":57,"column":null}},"line":53},"5":{"name":"(anonymous_5)","decl":{"start":{"line":60,"column":13},"end":{"line":60,"column":28}},"loc":{"start":{"line":60,"column":107},"end":{"line":65,"column":null}},"line":60},"6":{"name":"(anonymous_6)","decl":{"start":{"line":68,"column":13},"end":{"line":68,"column":27}},"loc":{"start":{"line":68,"column":103},"end":{"line":72,"column":null}},"line":68},"7":{"name":"(anonymous_7)","decl":{"start":{"line":75,"column":13},"end":{"line":75,"column":24}},"loc":{"start":{"line":75,"column":82},"end":{"line":79,"column":null}},"line":75},"8":{"name":"(anonymous_8)","decl":{"start":{"line":82,"column":13},"end":{"line":82,"column":26}},"loc":{"start":{"line":82,"column":84},"end":{"line":86,"column":null}},"line":82}},"branchMap":{},"s":{"0":1,"1":2,"2":1,"3":2,"4":1,"5":1,"6":1,"7":1,"8":1,"9":1,"10":1,"11":1,"12":1,"13":1,"14":1,"15":1,"16":1,"17":1},"f":{"0":2,"1":2,"2":1,"3":1,"4":1,"5":1,"6":1,"7":1,"8":1},"b":{},"meta":{"lastBranch":0,"lastFunction":9,"lastStatement":18,"seen":{"s:22:13:27:Infinity":0,"f:22:13:22:25":0,"s:23:2:27:Infinity":1,"s:30:13:34:Infinity":2,"f:30:13:30:28":1,"s:31:2:34:Infinity":3,"s:37:13:42:Infinity":4,"f:37:13:37:27":2,"s:38:2:42:Infinity":5,"s:45:13:50:Infinity":6,"f:45:13:45:27":3,"s:46:2:50:Infinity":7,"s:53:13:57:Infinity":8,"f:53:13:53:27":4,"s:54:2:57:Infinity":9,"s:60:13:65:Infinity":10,"f:60:13:60:28":5,"s:61:2:65:Infinity":11,"s:68:13:72:Infinity":12,"f:68:13:68:27":6,"s:69:2:72:Infinity":13,"s:75:13:79:Infinity":14,"f:75:13:75:24":7,"s:76:2:79:Infinity":15,"s:82:13:86:Infinity":16,"f:82:13:82:26":8,"s:83:2:86:Infinity":17}}}
,"/Users/gracegaoya/work/project/qim/qim-admin/src/api/versions.ts": {"path":"/Users/gracegaoya/work/project/qim/qim-admin/src/api/versions.ts","statementMap":{"0":{"start":{"line":5,"column":13},"end":{"line":10,"column":null}},"1":{"start":{"line":6,"column":2},"end":{"line":10,"column":null}},"2":{"start":{"line":13,"column":13},"end":{"line":18,"column":null}},"3":{"start":{"line":14,"column":2},"end":{"line":18,"column":null}},"4":{"start":{"line":21,"column":13},"end":{"line":26,"column":null}},"5":{"start":{"line":22,"column":2},"end":{"line":26,"column":null}},"6":{"start":{"line":29,"column":13},"end":{"line":33,"column":null}},"7":{"start":{"line":30,"column":2},"end":{"line":33,"column":null}},"8":{"start":{"line":36,"column":13},"end":{"line":41,"column":null}},"9":{"start":{"line":37,"column":2},"end":{"line":41,"column":null}}},"fnMap":{"0":{"name":"(anonymous_0)","decl":{"start":{"line":5,"column":13},"end":{"line":5,"column":28}},"loc":{"start":{"line":5,"column":147},"end":{"line":10,"column":null}},"line":5},"1":{"name":"(anonymous_1)","decl":{"start":{"line":13,"column":13},"end":{"line":13,"column":30}},"loc":{"start":{"line":13,"column":232},"end":{"line":18,"column":null}},"line":13},"2":{"name":"(anonymous_2)","decl":{"start":{"line":21,"column":13},"end":{"line":21,"column":30}},"loc":{"start":{"line":21,"column":178},"end":{"line":26,"column":null}},"line":21},"3":{"name":"(anonymous_3)","decl":{"start":{"line":29,"column":13},"end":{"line":29,"column":30}},"loc":{"start":{"line":29,"column":88},"end":{"line":33,"column":null}},"line":29},"4":{"name":"(anonymous_4)","decl":{"start":{"line":36,"column":13},"end":{"line":36,"column":36}},"loc":{"start":{"line":36,"column":128},"end":{"line":41,"column":null}},"line":36}},"branchMap":{},"s":{"0":1,"1":2,"2":1,"3":1,"4":1,"5":1,"6":1,"7":1,"8":1,"9":1},"f":{"0":2,"1":1,"2":1,"3":1,"4":1},"b":{},"meta":{"lastBranch":0,"lastFunction":5,"lastStatement":10,"seen":{"s:5:13:10:Infinity":0,"f:5:13:5:28":0,"s:6:2:10:Infinity":1,"s:13:13:18:Infinity":2,"f:13:13:13:30":1,"s:14:2:18:Infinity":3,"s:21:13:26:Infinity":4,"f:21:13:21:30":2,"s:22:2:26:Infinity":5,"s:29:13:33:Infinity":6,"f:29:13:29:30":3,"s:30:2:33:Infinity":7,"s:36:13:41:Infinity":8,"f:36:13:36:36":4,"s:37:2:41:Infinity":9}}}
,"/Users/gracegaoya/work/project/qim/qim-admin/src/stores/auth.ts": {"path":"/Users/gracegaoya/work/project/qim/qim-admin/src/stores/auth.ts","statementMap":{"0":{"start":{"line":5,"column":13},"end":{"line":34,"column":null}},"1":{"start":{"line":6,"column":8},"end":{"line":6,"column":64}},"2":{"start":{"line":7,"column":8},"end":{"line":7,"column":41}},"3":{"start":{"line":9,"column":8},"end":{"line":9,"column":55}},"4":{"start":{"line":9,"column":41},"end":{"line":9,"column":55}},"5":{"start":{"line":12,"column":4},"end":{"line":12,"column":null}},"6":{"start":{"line":13,"column":4},"end":{"line":13,"column":null}},"7":{"start":{"line":17,"column":4},"end":{"line":17,"column":null}},"8":{"start":{"line":21,"column":4},"end":{"line":21,"column":null}},"9":{"start":{"line":22,"column":4},"end":{"line":22,"column":null}},"10":{"start":{"line":23,"column":4},"end":{"line":23,"column":null}},"11":{"start":{"line":26,"column":2},"end":{"line":33,"column":null}}},"fnMap":{"0":{"name":"(anonymous_0)","decl":{"start":{"line":5,"column":40},"end":{"line":5,"column":54}},"loc":{"start":{"line":5,"column":54},"end":{"line":34,"column":null}},"line":5},"1":{"name":"(anonymous_1)","decl":{"start":{"line":9,"column":26},"end":{"line":9,"column":41}},"loc":{"start":{"line":9,"column":41},"end":{"line":9,"column":55}},"line":9},"2":{"name":"setToken","decl":{"start":{"line":11,"column":11},"end":{"line":11,"column":20}},"loc":{"start":{"line":11,"column":38},"end":{"line":13,"column":null}},"line":11},"3":{"name":"setUser","decl":{"start":{"line":16,"column":11},"end":{"line":16,"column":19}},"loc":{"start":{"line":16,"column":39},"end":{"line":17,"column":null}},"line":16},"4":{"name":"logout","decl":{"start":{"line":20,"column":11},"end":{"line":20,"column":20}},"loc":{"start":{"line":20,"column":20},"end":{"line":23,"column":null}},"line":20}},"branchMap":{"0":{"loc":{"start":{"line":6,"column":28},"end":{"line":6,"column":64}},"type":"binary-expr","locations":[{"start":{"line":6,"column":28},"end":{"line":6,"column":57}},{"start":{"line":6,"column":61},"end":{"line":6,"column":64}}],"line":6}},"s":{"0":1,"1":5,"2":5,"3":5,"4":4,"5":2,"6":2,"7":2,"8":1,"9":1,"10":1,"11":5},"f":{"0":5,"1":4,"2":2,"3":2,"4":1},"b":{"0":[5,4]},"meta":{"lastBranch":1,"lastFunction":5,"lastStatement":12,"seen":{"s:5:13:34:Infinity":0,"f:5:40:5:54":0,"s:6:8:6:64":1,"b:6:28:6:57:6:61:6:64":0,"s:7:8:7:41":2,"s:9:8:9:55":3,"f:9:26:9:41":1,"s:9:41:9:55":4,"f:11:11:11:20":2,"s:12:4:12:Infinity":5,"s:13:4:13:Infinity":6,"f:16:11:16:19":3,"s:17:4:17:Infinity":7,"f:20:11:20:20":4,"s:21:4:21:Infinity":8,"s:22:4:22:Infinity":9,"s:23:4:23:Infinity":10,"s:26:2:33:Infinity":11}}}
}
